2020-09-10 15:36:40,039 INFO 116 [egg-schedule]: register schedule D:\MyPractice\FE\React\blog-hooks-egg\service\node_modules\egg-multipart\app\schedule\clean_tmpdir.js
2020-09-10 15:36:40,040 INFO 116 [egg-schedule]: register schedule D:\MyPractice\FE\React\blog-hooks-egg\service\node_modules\egg-logrotator\app\schedule\clean_log.js
2020-09-10 15:36:40,040 INFO 116 [egg-schedule]: register schedule D:\MyPractice\FE\React\blog-hooks-egg\service\node_modules\egg-logrotator\app\schedule\rotate_by_file.js
2020-09-10 15:36:47,521 INFO 9684 [Timer] D:\MyPractice\FE\React\blog-hooks-egg\service\node_modules\egg-multipart\app\schedule\clean_tmpdir.js next time will execute after 46392486ms at 2020-09-11 04:30:00.007
2020-09-10 15:36:47,522 INFO 9684 [Timer] D:\MyPractice\FE\React\blog-hooks-egg\service\node_modules\egg-logrotator\app\schedule\clean_log.js next time will execute after 30192479ms at 2020-09-11 00:00:00.001
2020-09-10 15:36:47,523 INFO 9684 [Timer] D:\MyPractice\FE\React\blog-hooks-egg\service\node_modules\egg-logrotator\app\schedule\rotate_by_file.js next time will execute after 30193478ms at 2020-09-11 00:00:01.001
2020-09-10 19:08:21,911 INFO 13080 [egg-schedule]: register schedule D:\MyPractice\FE\React\blog-hooks-egg\service\node_modules\egg-multipart\app\schedule\clean_tmpdir.js
2020-09-10 19:08:21,911 INFO 13080 [egg-schedule]: register schedule D:\MyPractice\FE\React\blog-hooks-egg\service\node_modules\egg-logrotator\app\schedule\clean_log.js
2020-09-10 19:08:21,911 INFO 13080 [egg-schedule]: register schedule D:\MyPractice\FE\React\blog-hooks-egg\service\node_modules\egg-logrotator\app\schedule\rotate_by_file.js
2020-09-10 19:09:14,699 INFO 2392 [egg-schedule]: register schedule D:\MyPractice\FE\React\blog-hooks-egg\service\node_modules\egg-multipart\app\schedule\clean_tmpdir.js
2020-09-10 19:09:14,699 INFO 2392 [egg-schedule]: register schedule D:\MyPractice\FE\React\blog-hooks-egg\service\node_modules\egg-logrotator\app\schedule\clean_log.js
2020-09-10 19:09:14,699 INFO 2392 [egg-schedule]: register schedule D:\MyPractice\FE\React\blog-hooks-egg\service\node_modules\egg-logrotator\app\schedule\rotate_by_file.js
2020-09-10 19:12:13,931 INFO 5724 [egg-schedule]: register schedule D:\MyPractice\FE\React\blog-hooks-egg\service\node_modules\egg-multipart\app\schedule\clean_tmpdir.js
2020-09-10 19:12:13,931 INFO 5724 [egg-schedule]: register schedule D:\MyPractice\FE\React\blog-hooks-egg\service\node_modules\egg-logrotator\app\schedule\clean_log.js
2020-09-10 19:12:13,931 INFO 5724 [egg-schedule]: register schedule D:\MyPractice\FE\React\blog-hooks-egg\service\node_modules\egg-logrotator\app\schedule\rotate_by_file.js
2020-09-10 19:12:46,534 INFO 15572 [egg-schedule]: register schedule D:\MyPractice\FE\React\blog-hooks-egg\service\node_modules\egg-multipart\app\schedule\clean_tmpdir.js
2020-09-10 19:12:46,534 INFO 15572 [egg-schedule]: register schedule D:\MyPractice\FE\React\blog-hooks-egg\service\node_modules\egg-logrotator\app\schedule\clean_log.js
2020-09-10 19:12:46,534 INFO 15572 [egg-schedule]: register schedule D:\MyPractice\FE\React\blog-hooks-egg\service\node_modules\egg-logrotator\app\schedule\rotate_by_file.js
2020-09-10 19:12:51,542 INFO 15384 [egg-schedule]: register schedule D:\MyPractice\FE\React\blog-hooks-egg\service\node_modules\egg-multipart\app\schedule\clean_tmpdir.js
2020-09-10 19:12:51,542 INFO 15384 [egg-schedule]: register schedule D:\MyPractice\FE\React\blog-hooks-egg\service\node_modules\egg-logrotator\app\schedule\clean_log.js
2020-09-10 19:12:51,542 INFO 15384 [egg-schedule]: register schedule D:\MyPractice\FE\React\blog-hooks-egg\service\node_modules\egg-logrotator\app\schedule\rotate_by_file.js
2020-09-10 19:12:56,415 INFO 15628 [egg-schedule]: register schedule D:\MyPractice\FE\React\blog-hooks-egg\service\node_modules\egg-multipart\app\schedule\clean_tmpdir.js
2020-09-10 19:12:56,415 INFO 15628 [egg-schedule]: register schedule D:\MyPractice\FE\React\blog-hooks-egg\service\node_modules\egg-logrotator\app\schedule\clean_log.js
2020-09-10 19:12:56,415 INFO 15628 [egg-schedule]: register schedule D:\MyPractice\FE\React\blog-hooks-egg\service\node_modules\egg-logrotator\app\schedule\rotate_by_file.js
2020-09-10 19:27:04,273 INFO 13404 [egg-schedule]: register schedule D:\MyPractice\FE\React\blog-hooks-egg\service\node_modules\egg-multipart\app\schedule\clean_tmpdir.js
2020-09-10 19:27:04,274 INFO 13404 [egg-schedule]: register schedule D:\MyPractice\FE\React\blog-hooks-egg\service\node_modules\egg-logrotator\app\schedule\clean_log.js
2020-09-10 19:27:04,274 INFO 13404 [egg-schedule]: register schedule D:\MyPractice\FE\React\blog-hooks-egg\service\node_modules\egg-logrotator\app\schedule\rotate_by_file.js
2020-09-10 19:27:53,710 INFO 15708 [egg-schedule]: register schedule D:\MyPractice\FE\React\blog-hooks-egg\service\node_modules\egg-multipart\app\schedule\clean_tmpdir.js
2020-09-10 19:27:53,711 INFO 15708 [egg-schedule]: register schedule D:\MyPractice\FE\React\blog-hooks-egg\service\node_modules\egg-logrotator\app\schedule\clean_log.js
2020-09-10 19:27:53,711 INFO 15708 [egg-schedule]: register schedule D:\MyPractice\FE\React\blog-hooks-egg\service\node_modules\egg-logrotator\app\schedule\rotate_by_file.js
2020-09-10 19:49:32,655 INFO 7808 [egg-schedule]: register schedule D:\MyPractice\FE\React\blog-hooks-egg\service\node_modules\egg-multipart\app\schedule\clean_tmpdir.js
2020-09-10 19:49:32,655 INFO 7808 [egg-schedule]: register schedule D:\MyPractice\FE\React\blog-hooks-egg\service\node_modules\egg-logrotator\app\schedule\clean_log.js
2020-09-10 19:49:32,655 INFO 7808 [egg-schedule]: register schedule D:\MyPractice\FE\React\blog-hooks-egg\service\node_modules\egg-logrotator\app\schedule\rotate_by_file.js
2020-09-10 19:50:12,960 INFO 2328 [egg-schedule]: register schedule D:\MyPractice\FE\React\blog-hooks-egg\service\node_modules\egg-multipart\app\schedule\clean_tmpdir.js
2020-09-10 19:50:12,960 INFO 2328 [egg-schedule]: register schedule D:\MyPractice\FE\React\blog-hooks-egg\service\node_modules\egg-logrotator\app\schedule\clean_log.js
2020-09-10 19:50:12,960 INFO 2328 [egg-schedule]: register schedule D:\MyPractice\FE\React\blog-hooks-egg\service\node_modules\egg-logrotator\app\schedule\rotate_by_file.js
