2020-08-21 00:00:01,505 INFO 16308 [egg-logrotator] app logger reload: got log-reload message
2020-09-10 15:36:39,943 INFO 116 [egg:logger] init all loggers with options: {"dir":"D:\\MyPractice\\FE\\React\\blog-hooks-egg\\service\\logs\\service","encoding":"utf8","env":"local","level":"INFO","consoleLevel":"INFO","disableConsoleAfterReady":false,"outputJSON":false,"buffer":true,"appLogName":"service-web.log","coreLogName":"egg-web.log","agentLogName":"egg-agent.log","errorLogName":"common-error.log","coreLogger":{"consoleLevel":"WARN"},"allowDebugAtProd":false,"type":"application"}
2020-09-10 15:36:40,042 INFO 116 [egg-multipart] stream mode enable
2020-09-10 15:36:40,042 INFO 116 [egg-mysql] connecting root@localhost:3306/react_blog
2020-09-10 15:36:46,531 INFO 116 [egg-static] starting static serve /public/ -> D:\MyPractice\FE\React\blog-hooks-egg\service\app\public
2020-09-10 15:36:46,582 INFO 116 [egg-security] use methodnoallow middleware
2020-09-10 15:36:46,628 INFO 116 [egg-security] use noopen middleware
2020-09-10 15:36:46,654 INFO 116 [egg-security] use nosniff middleware
2020-09-10 15:36:46,691 INFO 116 [egg-security] use xssProtection middleware
2020-09-10 15:36:46,715 INFO 116 [egg-security] use xframe middleware
2020-09-10 15:36:46,764 INFO 116 [egg-security] use dta middleware
2020-09-10 15:36:46,766 INFO 116 [egg-security] compose 6 middlewares into one security middleware
2020-09-10 15:36:46,898 INFO 116 [egg:core] dump config after load, 104ms
2020-09-10 15:36:47,022 INFO 116 [egg-watcher:application] watcher start success
2020-09-10 15:36:47,385 INFO 116 [egg-mysql] instance[0] status OK, rds currentTime: Thu Sep 10 2020 15:36:47 GMT+0800 (GMT+08:00)
2020-09-10 15:36:47,506 INFO 116 [egg:core] dump config after ready, 113ms
2020-09-10 19:08:21,689 INFO 13080 [egg:logger] init all loggers with options: {"dir":"D:\\MyPractice\\FE\\React\\blog-hooks-egg\\service\\logs\\service","encoding":"utf8","env":"local","level":"INFO","consoleLevel":"INFO","disableConsoleAfterReady":false,"outputJSON":false,"buffer":true,"appLogName":"service-web.log","coreLogName":"egg-web.log","agentLogName":"egg-agent.log","errorLogName":"common-error.log","coreLogger":{"consoleLevel":"WARN"},"allowDebugAtProd":false,"type":"application"}
2020-09-10 19:08:21,913 INFO 13080 [egg-multipart] stream mode enable
2020-09-10 19:08:21,913 INFO 13080 [egg-mysql] connecting root@localhost:3306/react_blog
2020-09-10 19:08:25,834 INFO 13080 [egg-static] starting static serve /public/ -> D:\MyPractice\FE\React\blog-hooks-egg\service\app\public
2020-09-10 19:08:25,858 INFO 13080 [egg-security] use methodnoallow middleware
2020-09-10 19:08:25,865 INFO 13080 [egg-security] use noopen middleware
2020-09-10 19:08:25,887 INFO 13080 [egg-security] use nosniff middleware
2020-09-10 19:08:25,894 INFO 13080 [egg-security] use xssProtection middleware
2020-09-10 19:08:25,906 INFO 13080 [egg-security] use xframe middleware
2020-09-10 19:08:25,919 INFO 13080 [egg-security] use dta middleware
2020-09-10 19:08:25,919 INFO 13080 [egg-security] compose 6 middlewares into one security middleware
2020-09-10 19:08:26,050 INFO 13080 [egg:core] dump config after load, 73ms
2020-09-10 19:08:26,100 INFO 13080 [egg-watcher:application] watcher start success
2020-09-10 19:08:26,245 INFO 13080 [egg-mysql] instance[0] status OK, rds currentTime: Thu Sep 10 2020 19:08:26 GMT+0800 (GMT+08:00)
2020-09-10 19:08:26,313 INFO 13080 [egg:core] dump config after ready, 65ms
2020-09-10 19:09:14,665 INFO 2392 [egg:logger] init all loggers with options: {"dir":"D:\\MyPractice\\FE\\React\\blog-hooks-egg\\service\\logs\\service","encoding":"utf8","env":"local","level":"INFO","consoleLevel":"INFO","disableConsoleAfterReady":false,"outputJSON":false,"buffer":true,"appLogName":"service-web.log","coreLogName":"egg-web.log","agentLogName":"egg-agent.log","errorLogName":"common-error.log","coreLogger":{"consoleLevel":"WARN"},"allowDebugAtProd":false,"type":"application"}
2020-09-10 19:09:14,700 INFO 2392 [egg-multipart] stream mode enable
2020-09-10 19:09:14,701 INFO 2392 [egg-mysql] connecting root@localhost:3306/react_blog
2020-09-10 19:09:14,833 INFO 2392 [egg-static] starting static serve /public/ -> D:\MyPractice\FE\React\blog-hooks-egg\service\app\public
2020-09-10 19:09:14,835 INFO 2392 [egg-security] use methodnoallow middleware
2020-09-10 19:09:14,836 INFO 2392 [egg-security] use noopen middleware
2020-09-10 19:09:14,837 INFO 2392 [egg-security] use nosniff middleware
2020-09-10 19:09:14,838 INFO 2392 [egg-security] use xssProtection middleware
2020-09-10 19:09:14,838 INFO 2392 [egg-security] use xframe middleware
2020-09-10 19:09:14,838 INFO 2392 [egg-security] use dta middleware
2020-09-10 19:09:14,839 INFO 2392 [egg-security] compose 6 middlewares into one security middleware
2020-09-10 19:09:14,871 INFO 2392 [egg:core] dump config after load, 24ms
2020-09-10 19:09:14,910 INFO 2392 [egg-watcher:application] watcher start success
2020-09-10 19:09:14,921 INFO 2392 [egg-mysql] instance[0] status OK, rds currentTime: Thu Sep 10 2020 19:09:14 GMT+0800 (GMT+08:00)
2020-09-10 19:09:14,978 INFO 2392 [egg:core] dump config after ready, 53ms
2020-09-10 19:12:13,897 INFO 5724 [egg:logger] init all loggers with options: {"dir":"D:\\MyPractice\\FE\\React\\blog-hooks-egg\\service\\logs\\service","encoding":"utf8","env":"local","level":"INFO","consoleLevel":"INFO","disableConsoleAfterReady":false,"outputJSON":false,"buffer":true,"appLogName":"service-web.log","coreLogName":"egg-web.log","agentLogName":"egg-agent.log","errorLogName":"common-error.log","coreLogger":{"consoleLevel":"WARN"},"allowDebugAtProd":false,"type":"application"}
2020-09-10 19:12:13,932 INFO 5724 [egg-multipart] stream mode enable
2020-09-10 19:12:13,933 INFO 5724 [egg-mysql] connecting root@localhost:3306/react_blog
2020-09-10 19:12:14,125 INFO 5724 [egg-static] starting static serve /public/ -> D:\MyPractice\FE\React\blog-hooks-egg\service\app\public
2020-09-10 19:12:14,128 INFO 5724 [egg-security] use methodnoallow middleware
2020-09-10 19:12:14,129 INFO 5724 [egg-security] use noopen middleware
2020-09-10 19:12:14,130 INFO 5724 [egg-security] use nosniff middleware
2020-09-10 19:12:14,130 INFO 5724 [egg-security] use xssProtection middleware
2020-09-10 19:12:14,131 INFO 5724 [egg-security] use xframe middleware
2020-09-10 19:12:14,131 INFO 5724 [egg-security] use dta middleware
2020-09-10 19:12:14,132 INFO 5724 [egg-security] compose 6 middlewares into one security middleware
2020-09-10 19:12:14,165 INFO 5724 [egg:core] dump config after load, 23ms
2020-09-10 19:12:14,205 INFO 5724 [egg-watcher:application] watcher start success
2020-09-10 19:12:14,208 INFO 5724 [egg-mysql] instance[0] status OK, rds currentTime: Thu Sep 10 2020 19:12:14 GMT+0800 (GMT+08:00)
2020-09-10 19:12:14,237 INFO 5724 [egg:core] dump config after ready, 27ms
2020-09-10 19:12:46,488 INFO 15572 [egg:logger] init all loggers with options: {"dir":"D:\\MyPractice\\FE\\React\\blog-hooks-egg\\service\\logs\\service","encoding":"utf8","env":"local","level":"INFO","consoleLevel":"INFO","disableConsoleAfterReady":false,"outputJSON":false,"buffer":true,"appLogName":"service-web.log","coreLogName":"egg-web.log","agentLogName":"egg-agent.log","errorLogName":"common-error.log","coreLogger":{"consoleLevel":"WARN"},"allowDebugAtProd":false,"type":"application"}
2020-09-10 19:12:46,536 INFO 15572 [egg-multipart] stream mode enable
2020-09-10 19:12:46,536 INFO 15572 [egg-mysql] connecting root@localhost:3306/react_blog
2020-09-10 19:12:46,683 INFO 15572 [egg-static] starting static serve /public/ -> D:\MyPractice\FE\React\blog-hooks-egg\service\app\public
2020-09-10 19:12:46,686 INFO 15572 [egg-security] use methodnoallow middleware
2020-09-10 19:12:46,687 INFO 15572 [egg-security] use noopen middleware
2020-09-10 19:12:46,687 INFO 15572 [egg-security] use nosniff middleware
2020-09-10 19:12:46,688 INFO 15572 [egg-security] use xssProtection middleware
2020-09-10 19:12:46,689 INFO 15572 [egg-security] use xframe middleware
2020-09-10 19:12:46,689 INFO 15572 [egg-security] use dta middleware
2020-09-10 19:12:46,689 INFO 15572 [egg-security] compose 6 middlewares into one security middleware
2020-09-10 19:12:46,720 INFO 15572 [egg:core] dump config after load, 23ms
2020-09-10 19:12:46,777 INFO 15572 [egg-watcher:application] watcher start success
2020-09-10 19:12:46,784 INFO 15572 [egg-mysql] instance[0] status OK, rds currentTime: Thu Sep 10 2020 19:12:46 GMT+0800 (GMT+08:00)
2020-09-10 19:12:46,836 INFO 15572 [egg:core] dump config after ready, 49ms
2020-09-10 19:12:51,501 INFO 15384 [egg:logger] init all loggers with options: {"dir":"D:\\MyPractice\\FE\\React\\blog-hooks-egg\\service\\logs\\service","encoding":"utf8","env":"local","level":"INFO","consoleLevel":"INFO","disableConsoleAfterReady":false,"outputJSON":false,"buffer":true,"appLogName":"service-web.log","coreLogName":"egg-web.log","agentLogName":"egg-agent.log","errorLogName":"common-error.log","coreLogger":{"consoleLevel":"WARN"},"allowDebugAtProd":false,"type":"application"}
2020-09-10 19:12:51,543 INFO 15384 [egg-multipart] stream mode enable
2020-09-10 19:12:51,544 INFO 15384 [egg-mysql] connecting root@localhost:3306/react_blog
2020-09-10 19:12:51,699 INFO 15384 [egg-static] starting static serve /public/ -> D:\MyPractice\FE\React\blog-hooks-egg\service\app\public
2020-09-10 19:12:51,702 INFO 15384 [egg-security] use methodnoallow middleware
2020-09-10 19:12:51,703 INFO 15384 [egg-security] use noopen middleware
2020-09-10 19:12:51,704 INFO 15384 [egg-security] use nosniff middleware
2020-09-10 19:12:51,706 INFO 15384 [egg-security] use xssProtection middleware
2020-09-10 19:12:51,707 INFO 15384 [egg-security] use xframe middleware
2020-09-10 19:12:51,708 INFO 15384 [egg-security] use dta middleware
2020-09-10 19:12:51,708 INFO 15384 [egg-security] compose 6 middlewares into one security middleware
2020-09-10 19:12:51,747 INFO 15384 [egg:core] dump config after load, 28ms
2020-09-10 19:12:51,786 INFO 15384 [egg-watcher:application] watcher start success
2020-09-10 19:12:51,797 INFO 15384 [egg-mysql] instance[0] status OK, rds currentTime: Thu Sep 10 2020 19:12:51 GMT+0800 (GMT+08:00)
2020-09-10 19:12:51,832 INFO 15384 [egg:core] dump config after ready, 32ms
2020-09-10 19:12:56,382 INFO 15628 [egg:logger] init all loggers with options: {"dir":"D:\\MyPractice\\FE\\React\\blog-hooks-egg\\service\\logs\\service","encoding":"utf8","env":"local","level":"INFO","consoleLevel":"INFO","disableConsoleAfterReady":false,"outputJSON":false,"buffer":true,"appLogName":"service-web.log","coreLogName":"egg-web.log","agentLogName":"egg-agent.log","errorLogName":"common-error.log","coreLogger":{"consoleLevel":"WARN"},"allowDebugAtProd":false,"type":"application"}
2020-09-10 19:12:56,415 INFO 15628 [egg-multipart] stream mode enable
2020-09-10 19:12:56,416 INFO 15628 [egg-mysql] connecting root@localhost:3306/react_blog
2020-09-10 19:12:56,573 INFO 15628 [egg-static] starting static serve /public/ -> D:\MyPractice\FE\React\blog-hooks-egg\service\app\public
2020-09-10 19:12:56,575 INFO 15628 [egg-security] use methodnoallow middleware
2020-09-10 19:12:56,576 INFO 15628 [egg-security] use noopen middleware
2020-09-10 19:12:56,577 INFO 15628 [egg-security] use nosniff middleware
2020-09-10 19:12:56,577 INFO 15628 [egg-security] use xssProtection middleware
2020-09-10 19:12:56,578 INFO 15628 [egg-security] use xframe middleware
2020-09-10 19:12:56,578 INFO 15628 [egg-security] use dta middleware
2020-09-10 19:12:56,578 INFO 15628 [egg-security] compose 6 middlewares into one security middleware
2020-09-10 19:12:56,609 INFO 15628 [egg:core] dump config after load, 22ms
2020-09-10 19:12:56,652 INFO 15628 [egg-watcher:application] watcher start success
2020-09-10 19:12:56,656 INFO 15628 [egg-mysql] instance[0] status OK, rds currentTime: Thu Sep 10 2020 19:12:56 GMT+0800 (GMT+08:00)
2020-09-10 19:12:56,689 INFO 15628 [egg:core] dump config after ready, 30ms
2020-09-10 19:27:04,128 INFO 13404 [egg:logger] init all loggers with options: {"dir":"D:\\MyPractice\\FE\\React\\blog-hooks-egg\\service\\logs\\service","encoding":"utf8","env":"local","level":"INFO","consoleLevel":"INFO","disableConsoleAfterReady":false,"outputJSON":false,"buffer":true,"appLogName":"service-web.log","coreLogName":"egg-web.log","agentLogName":"egg-agent.log","errorLogName":"common-error.log","coreLogger":{"consoleLevel":"WARN"},"allowDebugAtProd":false,"type":"application"}
2020-09-10 19:27:04,276 INFO 13404 [egg-multipart] stream mode enable
2020-09-10 19:27:04,276 INFO 13404 [egg-mysql] connecting root@localhost:3306/react_blog
2020-09-10 19:27:06,651 INFO 13404 [egg-static] starting static serve /public/ -> D:\MyPractice\FE\React\blog-hooks-egg\service\app\public
2020-09-10 19:27:06,686 INFO 13404 [egg-security] use methodnoallow middleware
2020-09-10 19:27:06,687 INFO 13404 [egg-security] use noopen middleware
2020-09-10 19:27:06,706 INFO 13404 [egg-security] use nosniff middleware
2020-09-10 19:27:06,709 INFO 13404 [egg-security] use xssProtection middleware
2020-09-10 19:27:06,727 INFO 13404 [egg-security] use xframe middleware
2020-09-10 19:27:06,738 INFO 13404 [egg-security] use dta middleware
2020-09-10 19:27:06,739 INFO 13404 [egg-security] compose 6 middlewares into one security middleware
2020-09-10 19:27:06,947 INFO 13404 [egg:core] dump config after load, 161ms
2020-09-10 19:27:07,018 INFO 13404 [egg-watcher:application] watcher start success
2020-09-10 19:27:07,147 INFO 13404 [egg-mysql] instance[0] status OK, rds currentTime: Thu Sep 10 2020 19:27:07 GMT+0800 (GMT+08:00)
2020-09-10 19:27:07,191 INFO 13404 [egg:core] dump config after ready, 40ms
2020-09-10 19:27:53,647 INFO 15708 [egg:logger] init all loggers with options: {"dir":"D:\\MyPractice\\FE\\React\\blog-hooks-egg\\service\\logs\\service","encoding":"utf8","env":"local","level":"INFO","consoleLevel":"INFO","disableConsoleAfterReady":false,"outputJSON":false,"buffer":true,"appLogName":"service-web.log","coreLogName":"egg-web.log","agentLogName":"egg-agent.log","errorLogName":"common-error.log","coreLogger":{"consoleLevel":"WARN"},"allowDebugAtProd":false,"type":"application"}
2020-09-10 19:27:53,711 INFO 15708 [egg-multipart] stream mode enable
2020-09-10 19:27:53,712 INFO 15708 [egg-mysql] connecting root@localhost:3306/react_blog
2020-09-10 19:27:54,534 INFO 15708 [egg-static] starting static serve /public/ -> D:\MyPractice\FE\React\blog-hooks-egg\service\app\public
2020-09-10 19:27:54,537 INFO 15708 [egg-security] use methodnoallow middleware
2020-09-10 19:27:54,539 INFO 15708 [egg-security] use noopen middleware
2020-09-10 19:27:54,540 INFO 15708 [egg-security] use nosniff middleware
2020-09-10 19:27:54,542 INFO 15708 [egg-security] use xssProtection middleware
2020-09-10 19:27:54,543 INFO 15708 [egg-security] use xframe middleware
2020-09-10 19:27:54,544 INFO 15708 [egg-security] use dta middleware
2020-09-10 19:27:54,544 INFO 15708 [egg-security] compose 6 middlewares into one security middleware
2020-09-10 19:27:54,599 INFO 15708 [egg:core] dump config after load, 27ms
2020-09-10 19:27:54,629 INFO 15708 [egg-watcher:application] watcher start success
2020-09-10 19:27:54,720 INFO 15708 [egg-mysql] instance[0] status OK, rds currentTime: Thu Sep 10 2020 19:27:54 GMT+0800 (GMT+08:00)
2020-09-10 19:27:54,752 INFO 15708 [egg:core] dump config after ready, 30ms
2020-09-10 19:49:32,456 INFO 7808 [egg:logger] init all loggers with options: {"dir":"D:\\MyPractice\\FE\\React\\blog-hooks-egg\\service\\logs\\service","encoding":"utf8","env":"local","level":"INFO","consoleLevel":"INFO","disableConsoleAfterReady":false,"outputJSON":false,"buffer":true,"appLogName":"service-web.log","coreLogName":"egg-web.log","agentLogName":"egg-agent.log","errorLogName":"common-error.log","coreLogger":{"consoleLevel":"WARN"},"allowDebugAtProd":false,"type":"application"}
2020-09-10 19:49:32,656 INFO 7808 [egg-multipart] stream mode enable
2020-09-10 19:49:32,656 INFO 7808 [egg-mysql] connecting root@localhost:3306/react_blog
2020-09-10 19:49:36,722 INFO 7808 [egg-static] starting static serve /public/ -> D:\MyPractice\FE\React\blog-hooks-egg\service\app\public
2020-09-10 19:49:36,741 INFO 7808 [egg-security] use methodnoallow middleware
2020-09-10 19:49:36,751 INFO 7808 [egg-security] use noopen middleware
2020-09-10 19:49:36,781 INFO 7808 [egg-security] use nosniff middleware
2020-09-10 19:49:36,791 INFO 7808 [egg-security] use xssProtection middleware
2020-09-10 19:49:36,811 INFO 7808 [egg-security] use xframe middleware
2020-09-10 19:49:36,824 INFO 7808 [egg-security] use dta middleware
2020-09-10 19:49:36,824 INFO 7808 [egg-security] compose 6 middlewares into one security middleware
2020-09-10 19:49:36,906 INFO 7808 [egg:core] dump config after load, 61ms
2020-09-10 19:49:36,945 INFO 7808 [egg-watcher:application] watcher start success
2020-09-10 19:49:37,133 INFO 7808 [egg-mysql] instance[0] status OK, rds currentTime: Thu Sep 10 2020 19:49:37 GMT+0800 (GMT+08:00)
2020-09-10 19:49:37,186 INFO 7808 [egg:core] dump config after ready, 51ms
2020-09-10 19:50:12,903 INFO 2328 [egg:logger] init all loggers with options: {"dir":"D:\\MyPractice\\FE\\React\\blog-hooks-egg\\service\\logs\\service","encoding":"utf8","env":"local","level":"INFO","consoleLevel":"INFO","disableConsoleAfterReady":false,"outputJSON":false,"buffer":true,"appLogName":"service-web.log","coreLogName":"egg-web.log","agentLogName":"egg-agent.log","errorLogName":"common-error.log","coreLogger":{"consoleLevel":"WARN"},"allowDebugAtProd":false,"type":"application"}
2020-09-10 19:50:12,961 INFO 2328 [egg-multipart] stream mode enable
2020-09-10 19:50:12,963 INFO 2328 [egg-mysql] connecting root@localhost:3306/react_blog
2020-09-10 19:50:13,143 INFO 2328 [egg-static] starting static serve /public/ -> D:\MyPractice\FE\React\blog-hooks-egg\service\app\public
2020-09-10 19:50:13,146 INFO 2328 [egg-security] use methodnoallow middleware
2020-09-10 19:50:13,147 INFO 2328 [egg-security] use noopen middleware
2020-09-10 19:50:13,148 INFO 2328 [egg-security] use nosniff middleware
2020-09-10 19:50:13,148 INFO 2328 [egg-security] use xssProtection middleware
2020-09-10 19:50:13,149 INFO 2328 [egg-security] use xframe middleware
2020-09-10 19:50:13,149 INFO 2328 [egg-security] use dta middleware
2020-09-10 19:50:13,149 INFO 2328 [egg-security] compose 6 middlewares into one security middleware
2020-09-10 19:50:13,182 INFO 2328 [egg:core] dump config after load, 22ms
2020-09-10 19:50:13,215 INFO 2328 [egg-watcher:application] watcher start success
2020-09-10 19:50:13,226 INFO 2328 [egg-mysql] instance[0] status OK, rds currentTime: Thu Sep 10 2020 19:50:13 GMT+0800 (GMT+08:00)
2020-09-10 19:50:13,260 INFO 2328 [egg:core] dump config after ready, 32ms
